<?xml version="1.0" encoding="UTF-8"?>
<testng-results ignored="0" total="0" passed="0" failed="0" skipped="0">
  <reporter-output>
  </reporter-output>
  <suite started-at="2023-12-12T16:18:47 IST" name="test1" finished-at="2023-12-12T16:18:48 IST" duration-ms="11">
    <groups>
    </groups>
    <test started-at="2023-12-12T16:18:47 IST" name="BookSwagOnReport" finished-at="2023-12-12T16:18:48 IST" duration-ms="11">
    </test> <!-- BookSwagOnReport -->
  </suite> <!-- test1 -->
</testng-results>
